  DisplayManager.cpp
c:\users\mj\documents\github\small2d_sdl\core\DisplayManager.hpp(30): fatal error C1083: Cannot open include file: 'SDL2/SDL.h': No such file or directory
  GameManager.cpp
c:\users\mj\documents\github\small2d_sdl\core\DisplayManager.hpp(30): fatal error C1083: Cannot open include file: 'SDL2/SDL.h': No such file or directory
  GameState.cpp
C:\Users\mj\Documents\GitHub\Small2D_SDL\Core\GameState.cpp(24): fatal error C1083: Cannot open include file: 'UIObject.hpp': No such file or directory
  IntroState.cpp
C:\Users\mj\Documents\GitHub\Small2D_SDL\Core\IntroState.cpp(23): fatal error C1083: Cannot open include file: 'SDL2/SDL.h': No such file or directory
  MenuState.cpp
c:\users\mj\documents\github\small2d_sdl\core\MenuState.hpp(32): fatal error C1083: Cannot open include file: 'SDL2/SDL.h': No such file or directory
  PlayState.cpp
c:\users\mj\documents\github\small2d_sdl\core\DisplayManager.hpp(30): fatal error C1083: Cannot open include file: 'SDL2/SDL.h': No such file or directory
  UIObject.cpp
c:\users\mj\documents\github\small2d_sdl\uiobject\UIObject.hpp(26): fatal error C1083: Cannot open include file: 'SDL2/SDL.h': No such file or directory
  Player.cpp
C:\Users\mj\Documents\GitHub\Small2D_SDL\UIObject\Entities\Player.cpp(23): fatal error C1083: Cannot open include file: 'UIObject.hpp': No such file or directory
  Wall.cpp
c:\users\mj\documents\github\small2d_sdl\uiobject\entities\Wall.hpp(26): fatal error C1083: Cannot open include file: 'UIObject.hpp': No such file or directory
  Button.cpp
c:\users\mj\documents\github\small2d_sdl\uiobject\widgets\Button.hpp(26): fatal error C1083: Cannot open include file: 'SDL2/SDL.h': No such file or directory
  Label.cpp
c:\users\mj\documents\github\small2d_sdl\uiobject\widgets\Label.hpp(12): fatal error C1083: Cannot open include file: 'SDL2/SDL.h': No such file or directory
  Generating Code...
